<?xml version="1.0" encoding="UTF-8"?>
<!-- Generated by org.testng.reporters.JUnitReportReporter -->
<testsuite skipped="0" hostname="HOME-PC" name="Test.SampleTest2" tests="1" failures="0" timestamp="26 Sep 2019 07:06:51 GMT" time="0.017" errors="0">
  <testcase name="math2" time="0.017" classname="Test.SampleTest2"/>
</testsuite> <!-- Test.SampleTest2 -->
