<?xml version="1.0" encoding="UTF-8"?>
<!-- Generated by org.testng.reporters.JUnitReportReporter -->
<testsuite skipped="0" hostname="HOME-PC" name="Test.SampleTest" tests="1" failures="0" timestamp="26 Sep 2019 06:40:05 GMT" time="0.020" errors="0">
  <testcase name="meth1" time="0.020" classname="Test.SampleTest"/>
</testsuite> <!-- Test.SampleTest -->
